[35m[1mScanning dependencies of target _package_joystick_generate_messages_check_deps_joy[0m
[  0%] Built target _package_joystick_generate_messages_check_deps_joy
[35m[1mScanning dependencies of target package_joystick_generate_messages_cpp[0m
[35m[1mScanning dependencies of target package_joystick_generate_messages_nodejs[0m
[35m[1mScanning dependencies of target package_joystick_generate_messages_py[0m
[35m[1mScanning dependencies of target package_joystick_generate_messages_lisp[0m
[35m[1mScanning dependencies of target package_joystick_generate_messages_eus[0m
[ 42%] [34m[1mGenerating C++ code from package_joystick/joy.msg[0m
[ 42%] [34m[1mGenerating Lisp code from package_joystick/joy.msg[0m
[ 42%] [34m[1mGenerating Javascript code from package_joystick/joy.msg[0m
[ 57%] [34m[1mGenerating Python from MSG package_joystick/joy[0m
[ 71%] [34m[1mGenerating EusLisp manifest code for package_joystick[0m
[ 85%] [34m[1mGenerating EusLisp code from package_joystick/joy.msg[0m
[ 85%] Built target package_joystick_generate_messages_lisp
[ 85%] Built target package_joystick_generate_messages_nodejs
[ 85%] Built target package_joystick_generate_messages_cpp
[100%] [34m[1mGenerating Python msg __init__.py for package_joystick[0m
[100%] Built target package_joystick_generate_messages_eus
[100%] Built target package_joystick_generate_messages_py
[35m[1mScanning dependencies of target package_joystick_generate_messages[0m
[100%] Built target package_joystick_generate_messages
